Start to exec ipam Mode #local 
IPAM plugin success. 
host veth mac is ea:0f:83:fd:a9:e7 
Repeat 1/5 times, got mac addr 56:b1:ad:2c:1f:b3 
Repeat 2/5 times, got mac addr 56:b1:ad:2c:1f:b3 
Repeat 3/5 times, got mac addr 56:b1:ad:2c:1f:b3 
Repeat 4/5 times, got mac addr 56:b1:ad:2c:1f:b3 
Repeat 5/5 times, got mac addr 56:b1:ad:2c:1f:b3 
Setup veth-ingress bpf mapping complete! 
ip netns exec cni-7da443ff-4f56-fd95-3cce-4dd785f0cef6 arp -s 10.244.0.1 56:b1:ad:2c:1f:b3 -i eth0 
ARP set complete! 
Clsact setup complete 
 
Previously allocated IP is 10.244.0.54 
Start to exec ipam Mode #local 
IPAM plugin success. 
host veth mac is 12:ec:25:8a:3b:32 
Repeat 1/5 times, got mac addr b2:17:7b:dc:14:75 
Repeat 2/5 times, got mac addr b2:17:7b:dc:14:75 
Repeat 3/5 times, got mac addr b2:17:7b:dc:14:75 
Repeat 4/5 times, got mac addr b2:17:7b:dc:14:75 
Repeat 5/5 times, got mac addr b2:17:7b:dc:14:75 
Setup veth-ingress bpf mapping complete! 
ip netns exec cni-e40f073c-2e6c-245d-6bc0-698be2d9de15 arp -s 10.244.0.1 b2:17:7b:dc:14:75 -i eth0 
ARP set complete! 
Clsact setup complete 
 
Previously allocated IP is 10.244.0.55 
Start to exec ipam Mode #local 
IPAM plugin success. 
host veth mac is d2:be:61:5f:5c:03 
Start to exec ipam Mode #local 
IPAM plugin success. 
host veth mac is de:72:2e:58:55:55 
Repeat 1/5 times, got mac addr 02:54:07:bd:a0:7e 
Repeat 2/5 times, got mac addr 02:54:07:bd:a0:7e 
Repeat 3/5 times, got mac addr 02:54:07:bd:a0:7e 
Repeat 4/5 times, got mac addr 02:54:07:bd:a0:7e 
Repeat 5/5 times, got mac addr 02:54:07:bd:a0:7e 
Setup veth-ingress bpf mapping complete! 
ip netns exec cni-611d5612-28a7-006b-d0cb-e0a76ad9e79d arp -s 10.244.0.1 02:54:07:bd:a0:7e -i eth0 
ARP set complete! 
Clsact setup complete 
 
Repeat 1/5 times, got mac addr a2:a9:3a:a6:b1:fa 
Repeat 2/5 times, got mac addr a2:a9:3a:a6:b1:fa 
Repeat 3/5 times, got mac addr a2:a9:3a:a6:b1:fa 
Repeat 4/5 times, got mac addr a2:a9:3a:a6:b1:fa 
Repeat 5/5 times, got mac addr a2:a9:3a:a6:b1:fa 
Setup veth-ingress bpf mapping complete! 
ip netns exec cni-9b617179-8451-21cc-2d62-fd4b3f00cb3f arp -s 10.244.0.1 a2:a9:3a:a6:b1:fa -i eth0 
ARP set complete! 
Clsact setup complete 
Previously allocated IP is 10.244.0.56 
 
Previously allocated IP is 10.244.0.57 
Start to exec ipam Mode #local 
IPAM plugin success. 
host veth mac is 66:6a:b8:fd:73:da 
Start to exec ipam Mode #local 
IPAM plugin success. 
host veth mac is fa:09:57:c0:6b:fa 
Repeat 1/5 times, got mac addr 2e:6f:01:14:e1:56 
Repeat 2/5 times, got mac addr 2e:6f:01:14:e1:56 
Repeat 3/5 times, got mac addr 2e:6f:01:14:e1:56 
Repeat 4/5 times, got mac addr 2e:6f:01:14:e1:56 
Repeat 5/5 times, got mac addr 2e:6f:01:14:e1:56 
Setup veth-ingress bpf mapping complete! 
ip netns exec cni-6b7fcfcb-8dca-4509-4972-3371ca6588c7 arp -s 10.244.0.1 2e:6f:01:14:e1:56 -i eth0 
ARP set complete! 
Clsact setup complete 
tc filter replace dev veth283e362d ingress handle 0x1 bpf da obj /opt/cni/bin/veth_ingress.bpf.o 
veth BPF attach complete! 
Repeat 1/5 times, got mac addr 2a:02:03:91:d5:80 
Repeat 2/5 times, got mac addr 2a:02:03:91:d5:80 
Repeat 3/5 times, got mac addr 2a:02:03:91:d5:80 
Repeat 4/5 times, got mac addr 2a:02:03:91:d5:80 
Repeat 5/5 times, got mac addr 2a:02:03:91:d5:80 
Setup veth-ingress bpf mapping complete! 
ip netns exec cni-93c7ab7e-a939-853a-976c-101e82670824 arp -s 10.244.0.1 2a:02:03:91:d5:80 -i eth0 
ARP set complete! 
Clsact setup complete 
tc filter replace dev veth955b2be8 ingress handle 0x1 bpf da obj /opt/cni/bin/veth_ingress.bpf.o 
veth BPF attach complete! 
Start to exec ipam Mode #local 
IPAM plugin success. 
host veth mac is b6:43:7e:28:de:3a 
Repeat 1/5 times, got mac addr 82:a0:4c:88:55:0e 
Repeat 2/5 times, got mac addr 82:a0:4c:88:55:0e 
Repeat 3/5 times, got mac addr 82:a0:4c:88:55:0e 
Repeat 4/5 times, got mac addr 82:a0:4c:88:55:0e 
Repeat 5/5 times, got mac addr 82:a0:4c:88:55:0e 
Setup veth-ingress bpf mapping complete! 
ip netns exec cni-833bc4be-6e56-049a-9135-a66ad2f80765 arp -s 10.244.0.1 82:a0:4c:88:55:0e -i eth0 
ARP set complete! 
Clsact setup complete 
tc filter replace dev veth0c6e66be ingress handle 0x1 bpf da obj /opt/cni/bin/veth_ingress.bpf.o 
veth BPF attach complete! 
Previously allocated IP is 10.244.0.60 
Start to exec ipam Mode #local 
IPAM plugin success. 
host veth mac is ce:65:f6:0a:a7:25 
Repeat 1/5 times, got mac addr 7e:02:0f:05:93:e0 
Repeat 2/5 times, got mac addr 7e:02:0f:05:93:e0 
Repeat 3/5 times, got mac addr 7e:02:0f:05:93:e0 
Repeat 4/5 times, got mac addr 7e:02:0f:05:93:e0 
Repeat 5/5 times, got mac addr 7e:02:0f:05:93:e0 
Setup veth-ingress bpf mapping complete! 
ip netns exec cni-afce4726-f383-8ce9-d599-a1b2e717e29b arp -s 10.244.0.1 7e:02:0f:05:93:e0 -i eth0 
ARP set complete! 
Clsact setup complete 
tc filter replace dev veth1145b0ec ingress handle 0x1 bpf da obj /opt/cni/bin/veth_ingress.bpf.o 
veth BPF attach complete! 
Previously allocated IP is 10.244.0.61 
Start to exec ipam Mode #local 
IPAM plugin success. 
host veth mac is e2:33:1f:c3:73:ce 
Repeat 1/5 times, got mac addr 32:11:9a:76:da:ee 
Repeat 2/5 times, got mac addr 32:11:9a:76:da:ee 
Repeat 3/5 times, got mac addr 32:11:9a:76:da:ee 
Repeat 4/5 times, got mac addr 32:11:9a:76:da:ee 
Repeat 5/5 times, got mac addr 32:11:9a:76:da:ee 
Setup veth-ingress bpf mapping complete! 
ip netns exec cni-ed99b178-8c9b-e0a4-2aa4-83f9158ad3b5 arp -s 10.244.0.1 32:11:9a:76:da:ee -i eth0 
ARP set complete! 
Clsact setup complete 
tc filter replace dev veth18e24c02 ingress handle 0x1 bpf da obj /opt/cni/bin/veth_ingress.bpf.o 
veth BPF attach complete! 
Previously allocated IP is 10.244.0.62 
Start to exec ipam Mode #local 
IPAM plugin success. 
host veth mac is f6:d4:dd:a9:e5:cb 
Repeat 1/5 times, got mac addr 6e:9a:b9:c7:70:27 
Repeat 2/5 times, got mac addr 6e:9a:b9:c7:70:27 
Repeat 3/5 times, got mac addr 6e:9a:b9:c7:70:27 
Repeat 4/5 times, got mac addr 6e:9a:b9:c7:70:27 
Repeat 5/5 times, got mac addr 6e:9a:b9:c7:70:27 
Setup veth-ingress bpf mapping complete! 
ip netns exec cni-ef2c4c25-3fa1-0e06-d341-ca35cf029db9 arp -s 10.244.0.1 6e:9a:b9:c7:70:27 -i eth0 
ARP set complete! 
Clsact setup complete 
tc filter replace dev veth616f0948 ingress handle 0x1 bpf da obj /opt/cni/bin/veth_ingress.bpf.o 
veth BPF attach complete! 
Previously allocated IP is 10.244.0.63 
Start to exec ipam Mode #local 
IPAM plugin success. 
host veth mac is d2:73:a4:ef:65:e1 
Start to exec ipam Mode #local 
IPAM plugin success. 
host veth mac is 26:a2:23:11:ac:c3 
Repeat 1/5 times, got mac addr d2:24:4f:5b:71:3b 
Repeat 2/5 times, got mac addr d2:24:4f:5b:71:3b 
Repeat 3/5 times, got mac addr d2:24:4f:5b:71:3b 
Repeat 4/5 times, got mac addr d2:24:4f:5b:71:3b 
Repeat 5/5 times, got mac addr d2:24:4f:5b:71:3b 
Setup veth-ingress bpf mapping complete! 
ip netns exec cni-cb2dec69-680d-9099-e103-993edbeb2142 arp -s 10.244.0.1 d2:24:4f:5b:71:3b -i eth0 
ARP set complete! 
Clsact setup complete 
tc filter replace dev veth34e21cfd ingress handle 0x1 bpf da obj /opt/cni/bin/veth_ingress.bpf.o 
veth BPF attach complete! 
Repeat 1/5 times, got mac addr c2:1b:8a:f6:b4:e6 
Repeat 2/5 times, got mac addr c2:1b:8a:f6:b4:e6 
Repeat 3/5 times, got mac addr c2:1b:8a:f6:b4:e6 
Repeat 4/5 times, got mac addr c2:1b:8a:f6:b4:e6 
Repeat 5/5 times, got mac addr c2:1b:8a:f6:b4:e6 
Setup veth-ingress bpf mapping complete! 
ip netns exec cni-3b305d4f-a43c-dd86-7a30-27520170dbe1 arp -s 10.244.0.1 c2:1b:8a:f6:b4:e6 -i eth0 
ARP set complete! 
Clsact setup complete 
tc filter replace dev veth91330bad ingress handle 0x1 bpf da obj /opt/cni/bin/veth_ingress.bpf.o 
veth BPF attach complete! 
